I17:26:37.941 [Test worker] INFO  - Could not captureCallable transaction
I17:26:37.950 [Test worker] INFO  - Could not captureCallable transaction
A17:26:38.995 [Test worker] INFO  - Bank error Requests timed out
I17:26:39.002 [Test worker] INFO  - Could not captureCallable transaction
e17:26:39.025 [pool-10-thread-1] INFO  - Bank error - bank returned status code -3 - payment rejected
e17:26:39.029 [pool-11-thread-1] INFO  - Bank error - bank returned status code -3 - payment rejected
e17:26:39.032 [pool-12-thread-1] INFO  - Bank error - bank returned status code -3 - payment rejected
e17:26:39.035 [pool-13-thread-1] INFO  - Bank error - bank returned status code -3 - payment rejected
e17:26:39.044 [pool-19-thread-1] INFO  - Bank error - bank returned status code -3 - payment rejected
>done (OFFLINE_VERIFICATION, invalidate, OFFLINE_VERIFICATION)
1done (OFFLINE_VERIFICATION, validate, AUTHORISE)
%done (AUTHORISE, authorize, CAPTURE)
,done (CAPTURE, sevenDayPeriodExpired, VOID)
done Forced reset(true)
>done (OFFLINE_VERIFICATION, invalidate, OFFLINE_VERIFICATION)
1done (OFFLINE_VERIFICATION, validate, AUTHORISE)
e17:26:39.053 [pool-22-thread-1] INFO  - Bank error - bank returned status code -3 - payment rejected
:done (AUTHORISE, authFailBankError, OFFLINE_VERIFICATION)
done Forced reset(true)
>done (OFFLINE_VERIFICATION, invalidate, OFFLINE_VERIFICATION)
>done (OFFLINE_VERIFICATION, invalidate, OFFLINE_VERIFICATION)
1done (OFFLINE_VERIFICATION, validate, AUTHORISE)
e17:26:39.056 [pool-23-thread-1] INFO  - Bank error - bank returned status code -3 - payment rejected
;done (AUTHORISE, bankDetailsInvalid, OFFLINE_VERIFICATION)
done Forced reset(true)
1done (OFFLINE_VERIFICATION, validate, AUTHORISE)
e17:26:39.057 [pool-24-thread-1] INFO  - Bank error - bank returned status code -3 - payment rejected
;done (AUTHORISE, bankDetailsInvalid, OFFLINE_VERIFICATION)
done Forced reset(true)
>done (OFFLINE_VERIFICATION, invalidate, OFFLINE_VERIFICATION)
>done (OFFLINE_VERIFICATION, invalidate, OFFLINE_VERIFICATION)
1done (OFFLINE_VERIFICATION, validate, AUTHORISE)
e17:26:39.060 [pool-25-thread-1] INFO  - Bank error - bank returned status code -3 - payment rejected
:done (AUTHORISE, authFailBankError, OFFLINE_VERIFICATION)
done Forced reset(true)
1done (OFFLINE_VERIFICATION, validate, AUTHORISE)
%done (AUTHORISE, authorize, CAPTURE)
6done (CAPTURE, transactionIdDoesNotExist, BANK_ERROR)
done Forced reset(true)
>done (OFFLINE_VERIFICATION, invalidate, OFFLINE_VERIFICATION)
1done (OFFLINE_VERIFICATION, validate, AUTHORISE)
%done (AUTHORISE, authorize, CAPTURE)
8done (CAPTURE, tryToRecaptureBecauseBankError, CAPTURE)
"done (CAPTURE, capture, CAPTURED)
 done (CAPTURED, refund, REFUND)
done Forced reset(true)
1done (OFFLINE_VERIFICATION, validate, AUTHORISE)
e17:26:39.072 [pool-31-thread-1] INFO  - Bank error - bank returned status code -3 - payment rejected
:done (AUTHORISE, authFailBankError, OFFLINE_VERIFICATION)
done Forced reset(true)
>done (OFFLINE_VERIFICATION, invalidate, OFFLINE_VERIFICATION)
>done (OFFLINE_VERIFICATION, invalidate, OFFLINE_VERIFICATION)
>done (OFFLINE_VERIFICATION, invalidate, OFFLINE_VERIFICATION)
>done (OFFLINE_VERIFICATION, invalidate, OFFLINE_VERIFICATION)
1done (OFFLINE_VERIFICATION, validate, AUTHORISE)
e17:26:39.074 [pool-32-thread-1] INFO  - Bank error - bank returned status code -3 - payment rejected
:done (AUTHORISE, authFailBankError, OFFLINE_VERIFICATION)
done Forced reset(true)
1done (OFFLINE_VERIFICATION, validate, AUTHORISE)
e17:26:39.075 [pool-33-thread-1] INFO  - Bank error - bank returned status code -3 - payment rejected
;done (AUTHORISE, bankDetailsInvalid, OFFLINE_VERIFICATION)
done Forced reset(true)
>done (OFFLINE_VERIFICATION, invalidate, OFFLINE_VERIFICATION)
1done (OFFLINE_VERIFICATION, validate, AUTHORISE)
e17:26:39.078 [pool-34-thread-1] INFO  - Bank error - bank returned status code -3 - payment rejected
:done (AUTHORISE, authFailBankError, OFFLINE_VERIFICATION)
done Random reset(true)
>done (OFFLINE_VERIFICATION, invalidate, OFFLINE_VERIFICATION)
>done (OFFLINE_VERIFICATION, invalidate, OFFLINE_VERIFICATION)
1done (OFFLINE_VERIFICATION, validate, AUTHORISE)
e17:26:39.080 [pool-35-thread-1] INFO  - Bank error - bank returned status code -3 - payment rejected
;done (AUTHORISE, bankDetailsInvalid, OFFLINE_VERIFICATION)
done Forced reset(true)
>done (OFFLINE_VERIFICATION, invalidate, OFFLINE_VERIFICATION)
>done (OFFLINE_VERIFICATION, invalidate, OFFLINE_VERIFICATION)
>done (OFFLINE_VERIFICATION, invalidate, OFFLINE_VERIFICATION)
1done (OFFLINE_VERIFICATION, validate, AUTHORISE)
e17:26:39.083 [pool-36-thread-1] INFO  - Bank error - bank returned status code -3 - payment rejected
:done (AUTHORISE, authFailBankError, OFFLINE_VERIFICATION)
done Forced reset(true)
>done (OFFLINE_VERIFICATION, invalidate, OFFLINE_VERIFICATION)
1done (OFFLINE_VERIFICATION, validate, AUTHORISE)
e17:26:39.085 [pool-37-thread-1] INFO  - Bank error - bank returned status code -3 - payment rejected
;done (AUTHORISE, bankDetailsInvalid, OFFLINE_VERIFICATION)
done Forced reset(true)
>done (OFFLINE_VERIFICATION, invalidate, OFFLINE_VERIFICATION)
>done (OFFLINE_VERIFICATION, invalidate, OFFLINE_VERIFICATION)
>done (OFFLINE_VERIFICATION, invalidate, OFFLINE_VERIFICATION)
done Random reset(true)
1done (OFFLINE_VERIFICATION, validate, AUTHORISE)
e17:26:39.087 [pool-38-thread-1] INFO  - Bank error - bank returned status code -3 - payment rejected
;done (AUTHORISE, bankDetailsInvalid, OFFLINE_VERIFICATION)
done Forced reset(true)
>done (OFFLINE_VERIFICATION, invalidate, OFFLINE_VERIFICATION)
1done (OFFLINE_VERIFICATION, validate, AUTHORISE)
%done (AUTHORISE, authorize, CAPTURE)
,done (CAPTURE, sevenDayPeriodExpired, VOID)
done Forced reset(true)
1done (OFFLINE_VERIFICATION, validate, AUTHORISE)
e17:26:39.092 [pool-41-thread-1] INFO  - Bank error - bank returned status code -3 - payment rejected
;done (AUTHORISE, bankDetailsInvalid, OFFLINE_VERIFICATION)
done Forced reset(true)
>done (OFFLINE_VERIFICATION, invalidate, OFFLINE_VERIFICATION)
1done (OFFLINE_VERIFICATION, validate, AUTHORISE)
e17:26:39.094 [pool-42-thread-1] INFO  - Bank error - bank returned status code -3 - payment rejected
;done (AUTHORISE, bankDetailsInvalid, OFFLINE_VERIFICATION)
done Forced reset(true)
1done (OFFLINE_VERIFICATION, validate, AUTHORISE)
e17:26:39.095 [pool-43-thread-1] INFO  - Bank error - bank returned status code -3 - payment rejected
:done (AUTHORISE, authFailBankError, OFFLINE_VERIFICATION)
done Forced reset(true)
done Random reset(true)
>done (OFFLINE_VERIFICATION, invalidate, OFFLINE_VERIFICATION)
done Random reset(true)
done Random reset(true)
1done (OFFLINE_VERIFICATION, validate, AUTHORISE)
%done (AUTHORISE, authorize, CAPTURE)
6done (CAPTURE, transactionIdDoesNotExist, BANK_ERROR)
done Forced reset(true)
1done (OFFLINE_VERIFICATION, validate, AUTHORISE)
e17:26:39.102 [pool-46-thread-1] INFO  - Bank error - bank returned status code -3 - payment rejected
:done (AUTHORISE, authFailBankError, OFFLINE_VERIFICATION)
done Forced reset(true)
1done (OFFLINE_VERIFICATION, validate, AUTHORISE)
e17:26:39.104 [pool-47-thread-1] INFO  - Bank error - bank returned status code -3 - payment rejected
:done (AUTHORISE, authFailBankError, OFFLINE_VERIFICATION)
action coverage: 10/10
state coverage: 7/7
transition coverage: 10/10
Y17:26:39.107 [Test worker] INFO  - Tried to refund an un captured transaction with ID 11
e17:26:39.110 [pool-48-thread-2] INFO  - Bank error - bank returned status code -4 - payment rejected
817:26:39.110 [Test worker] ERROR  - Auth request failed
$e17:26:39.138 [pool-51-thread-2] INFO  - Bank error - bank returned status code -3 - payment rejected
$817:26:39.138 [Test worker] ERROR  - Auth request failed
%d17:26:39.143 [pool-52-thread-2] INFO  - Bank error - bank returned status code 0 - payment rejected
%817:26:39.143 [Test worker] ERROR  - Auth request failed
&e17:26:39.148 [pool-53-thread-2] INFO  - Bank error - bank returned status code -1 - payment rejected
&817:26:39.148 [Test worker] ERROR  - Auth request failed
(f17:26:39.152 [Test worker] INFO  - The card details are invalid with status code 6 - payment rejected
)f17:26:39.154 [Test worker] INFO  - The card details are invalid with status code 2 - payment rejected
*f17:26:39.155 [Test worker] INFO  - The card details are invalid with status code 3 - payment rejected
+f17:26:39.158 [Test worker] INFO  - The card details are invalid with status code 3 - payment rejected
1e17:26:39.169 [pool-59-thread-2] INFO  - Bank error - bank returned status code -2 - payment rejected
1817:26:39.169 [Test worker] ERROR  - Auth request failed
=A17:26:40.184 [Test worker] INFO  - Bank error Requests timed out
 ]\[Starting ChromeDriver 2.41.578700 (2f1ed5f9343c13f73144538f15c00b370eda6706) on port 18029
 ]\$Only local connections are allowed.
 ]\SJan 05, 2019 5:26:41 PM org.openqa.selenium.remote.ProtocolHandshake createSession
 ]\INFO: Detected dialect: OSS
]\]\[]\32m]\.]\]\[]\0m]\]\[]\31m]\F]\]\[]\0m]\]\[]\36m]\-]\]\[]\0m]^]^[]^32m]^.]^]^[]^0m]^]^[]^31m]^F]^]^[]^0m]^]^[]^36m]^-]^]^[]^0m]_]_[]_32m]_.]_]_[]_0m]_]_[]_31m]_F]_]_[]_0m]_]_[]_36m]_-]_]_[]_0m]`]`[]`32m]`.]`]`[]`0m]`]`[]`31m]`F]`]`[]`0m]`]`[]`36m]`-]`]`[]`0m]a]a[]a32m]a.]a]a[]a0m]a]a[]a31m]aF]a]a[]a0m]a]a[]a36m]a-]a]a[]a0m]b]b[]b32m]b.]b]b[]b0m]b]b[]b31m]bF]b]b[]b0m]b]b[]b36m]b-]b]b[]b0m]c]c[]c32m]c.]c]c[]c0m]c]c[]c31m]cF]c]c[]c0m]c]c[]c36m]c-]c]c[]c0m]d]d[]d32m]d.]d]d[]d0m]d]d[]d31m]dF]d]d[]d0m]d]d[]d36m]d-]d]d[]d0m]e]e[]e32m]e.]e]e[]e0m]e]e[]e31m]eF]e]e[]e0m]e]e[]e36m]e-]e]e[]e0m]f]f[]f32m]f.]f]f[]f0m]f]f[]f31m]fF]f]f[]f0m]f]f[]f36m]f-]f]f[]f0m]g]g[]g32m]g.]g]g[]g0m]g]g[]g31m]gF]g]g[]g0m]g]g[]g36m]g-]g]g[]g0m]h]h[]h32m]h.]h]h[]h0m]h]h[]h31m]hF]h]h[]h0m]h]h[]h36m]h-]h]h[]h0m]i]i[]i32m]i.]i]i[]i0m]i]i[]i31m]iF]i]i[]i0m]i]i[]i36m]i-]i]i[]i0m]j]j[]j32m]j.]j]j[]j0m]j]j[]j31m]jF]j]j[]j0m]j]j[]j36m]j-]j]j[]j0m]k]k[]k32m]k.]k]k[]k0m]k]k[]k31m]kF]k]k[]k0m]k]k[]k36m]k-]k]k[]k0m]l]l[]l32m]l.]l]l[]l0m]l]l[]l31m]lF]l]l[]l0m]l]l[]l36m]l-]l]l[]l0m]m]m[]m32m]m.]m]m[]m0m]m]m[]m31m]mF]m]m[]m0m]m]m[]m36m]m-]m]m[]m0m]n]n[]n32m]n.]n]n[]n0m]n]n[]n31m]nF]n]n[]n0m]n]n[]n36m]n-]n]n[]n0m]o]o[]o32m]o.]o]o[]o0m]o]o[]o31m]oF]o]o[]o0m]o]o[]o36m]o-]o]o[]o0m]o]o[]o36m]o-]o]o[]o0m] 
] [31mFailed scenarios:[0m
] e[31msrc/test/resources/features/webapp_features.feature:4 [0m# User tries to process valid payment
] a[31msrc/test/resources/features/webapp_features.feature:16 [0m# User leaves out required field
] a[31msrc/test/resources/features/webapp_features.feature:17 [0m# User leaves out required field
] a[31msrc/test/resources/features/webapp_features.feature:18 [0m# User leaves out required field
] a[31msrc/test/resources/features/webapp_features.feature:19 [0m# User leaves out required field
] a[31msrc/test/resources/features/webapp_features.feature:20 [0m# User leaves out required field
] b[31msrc/test/resources/features/webapp_features.feature:28 [0m# User enters invalid card number
] b[31msrc/test/resources/features/webapp_features.feature:29 [0m# User enters invalid card number
] r[31msrc/test/resources/features/webapp_features.feature:37 [0m# User enters a card number with invalid prefixes
] r[31msrc/test/resources/features/webapp_features.feature:38 [0m# User enters a card number with invalid prefixes
] r[31msrc/test/resources/features/webapp_features.feature:39 [0m# User enters a card number with invalid prefixes
] r[31msrc/test/resources/features/webapp_features.feature:40 [0m# User enters a card number with invalid prefixes
] r[31msrc/test/resources/features/webapp_features.feature:41 [0m# User enters a card number with invalid prefixes
] ^[31msrc/test/resources/features/webapp_features.feature:49 [0m# User enters an invalid date
] ^[31msrc/test/resources/features/webapp_features.feature:50 [0m# User enters an invalid date
] {[31msrc/test/resources/features/webapp_features.feature:58 [0m# User enters valid card details with different card types
] {[31msrc/test/resources/features/webapp_features.feature:59 [0m# User enters valid card details with different card types
] {[31msrc/test/resources/features/webapp_features.feature:60 [0m# User enters valid card details with different card types
] a[31msrc/test/resources/features/webapp_features.feature:62 [0m# User enters data and resets it
] 
] "19 Scenarios ([31m19 failed[0m)
] G58 Steps ([31m19 failed[0m, [36m20 skipped[0m, [32m19 passed[0m)
] 	0m4.732s
] 
] Éorg.openqa.selenium.NoSuchElementException: no such element: Unable to locate element: {"method":"name","selector":"customerName"}
] '  (Session info: chrome=70.0.3538.110)
] æ  (Driver info: chromedriver=2.41.578700 (2f1ed5f9343c13f73144538f15c00b370eda6706),platform=Linux 4.15.0-42-generic x86_64) (WARNING: The server did not provide any stacktrace information)
] ,Command duration or timeout: 0 milliseconds
] eFor documentation on this error, please visit: http://seleniumhq.org/exceptions/no_such_element.html
] UBuild info: version: '3.14.0', revision: 'aacccce0', time: '2018-08-02T20:19:58.91Z'
] äSystem info: host: 'pop-os', ip: '127.0.1.1', os.name: 'Linux', os.arch: 'amd64', os.version: '4.15.0-42-generic', java.version: '10.0.2'
] 5Driver info: org.openqa.selenium.chrome.ChromeDriver
] §Capabilities {acceptInsecureCerts: false, acceptSslCerts: false, applicationCacheEnabled: false, browserConnectionEnabled: false, browserName: chrome, chrome: {chromedriverVersion: 2.41.578700 (2f1ed5f9343c13..., userDataDir: /tmp/.org.chromium.Chromium...}, cssSelectorsEnabled: true, databaseEnabled: false, goog:chromeOptions: {debuggerAddress: localhost:35805}, handlesAlerts: true, hasTouchScreen: false, javascriptEnabled: true, locationContextEnabled: true, mobileEmulationEnabled: false, nativeEvents: true, networkConnectionEnabled: false, pageLoadStrategy: normal, platform: LINUX, platformName: LINUX, rotatable: false, setWindowRect: true, takesHeapSnapshot: true, takesScreenshot: true, unexpectedAlertBehaviour: , unhandledPromptBehavior: , version: 70.0.3538.110, webStorageEnabled: true}
] -Session ID: 38af3d172021c50928c171c1282f5258
] 3*** Element info: {Using=name, value=customerName}
] ]	at java.base/jdk.internal.reflect.NativeConstructorAccessorImpl.newInstance0(Native Method)
] t	at java.base/jdk.internal.reflect.NativeConstructorAccessorImpl.newInstance(NativeConstructorAccessorImpl.java:62)
] |	at java.base/jdk.internal.reflect.DelegatingConstructorAccessorImpl.newInstance(DelegatingConstructorAccessorImpl.java:45)
] N	at java.base/java.lang.reflect.Constructor.newInstance(Constructor.java:488)
] S	at org.openqa.selenium.remote.ErrorHandler.createThrowable(ErrorHandler.java:214)
] Y	at org.openqa.selenium.remote.ErrorHandler.throwIfResponseFailed(ErrorHandler.java:166)
] j	at org.openqa.selenium.remote.http.JsonHttpResponseCodec.reconstructValue(JsonHttpResponseCodec.java:40)
] h	at org.openqa.selenium.remote.http.AbstractHttpResponseCodec.decode(AbstractHttpResponseCodec.java:80)
] h	at org.openqa.selenium.remote.http.AbstractHttpResponseCodec.decode(AbstractHttpResponseCodec.java:44)
] Y	at org.openqa.selenium.remote.HttpCommandExecutor.execute(HttpCommandExecutor.java:158)
] d	at org.openqa.selenium.remote.service.DriverCommandExecutor.execute(DriverCommandExecutor.java:83)
] Q	at org.openqa.selenium.remote.RemoteWebDriver.execute(RemoteWebDriver.java:548)
] U	at org.openqa.selenium.remote.RemoteWebDriver.findElement(RemoteWebDriver.java:322)
] [	at org.openqa.selenium.remote.RemoteWebDriver.findElementByName(RemoteWebDriver.java:400)
] ;	at org.openqa.selenium.By$ByName.findElement(By.java:284)
] U	at org.openqa.selenium.remote.RemoteWebDriver.findElement(RemoteWebDriver.java:314)
] t	at com.cps3230.assignment.webapp.PageObjects.PaymentWebappPageObject.enterDetails(PaymentWebappPageObject.java:23)
] `	at com.cps3230.assignment.webapp.stepdefs.WebAppDefs.iSubmitCorrectDetails(WebAppDefs.java:24)
] X	at ‚úΩ.I submit correct details(src/test/resources/features/webapp_features.feature:6)
] 
] Éorg.openqa.selenium.NoSuchElementException: no such element: Unable to locate element: {"method":"name","selector":"customerName"}
] '  (Session info: chrome=70.0.3538.110)
] æ  (Driver info: chromedriver=2.41.578700 (2f1ed5f9343c13f73144538f15c00b370eda6706),platform=Linux 4.15.0-42-generic x86_64) (WARNING: The server did not provide any stacktrace information)
] ,Command duration or timeout: 0 milliseconds
] eFor documentation on this error, please visit: http://seleniumhq.org/exceptions/no_such_element.html
] UBuild info: version: '3.14.0', revision: 'aacccce0', time: '2018-08-02T20:19:58.91Z'
] äSystem info: host: 'pop-os', ip: '127.0.1.1', os.name: 'Linux', os.arch: 'amd64', os.version: '4.15.0-42-generic', java.version: '10.0.2'
] 5Driver info: org.openqa.selenium.chrome.ChromeDriver
] §Capabilities {acceptInsecureCerts: false, acceptSslCerts: false, applicationCacheEnabled: false, browserConnectionEnabled: false, browserName: chrome, chrome: {chromedriverVersion: 2.41.578700 (2f1ed5f9343c13..., userDataDir: /tmp/.org.chromium.Chromium...}, cssSelectorsEnabled: true, databaseEnabled: false, goog:chromeOptions: {debuggerAddress: localhost:35805}, handlesAlerts: true, hasTouchScreen: false, javascriptEnabled: true, locationContextEnabled: true, mobileEmulationEnabled: false, nativeEvents: true, networkConnectionEnabled: false, pageLoadStrategy: normal, platform: LINUX, platformName: LINUX, rotatable: false, setWindowRect: true, takesHeapSnapshot: true, takesScreenshot: true, unexpectedAlertBehaviour: , unhandledPromptBehavior: , version: 70.0.3538.110, webStorageEnabled: true}
] -Session ID: 38af3d172021c50928c171c1282f5258
] 3*** Element info: {Using=name, value=customerName}
] ]	at java.base/jdk.internal.reflect.NativeConstructorAccessorImpl.newInstance0(Native Method)
] t	at java.base/jdk.internal.reflect.NativeConstructorAccessorImpl.newInstance(NativeConstructorAccessorImpl.java:62)
] |	at java.base/jdk.internal.reflect.DelegatingConstructorAccessorImpl.newInstance(DelegatingConstructorAccessorImpl.java:45)
] N	at java.base/java.lang.reflect.Constructor.newInstance(Constructor.java:488)
] S	at org.openqa.selenium.remote.ErrorHandler.createThrowable(ErrorHandler.java:214)
] Y	at org.openqa.selenium.remote.ErrorHandler.throwIfResponseFailed(ErrorHandler.java:166)
] j	at org.openqa.selenium.remote.http.JsonHttpResponseCodec.reconstructValue(JsonHttpResponseCodec.java:40)
] h	at org.openqa.selenium.remote.http.AbstractHttpResponseCodec.decode(AbstractHttpResponseCodec.java:80)
] h	at org.openqa.selenium.remote.http.AbstractHttpResponseCodec.decode(AbstractHttpResponseCodec.java:44)
] Y	at org.openqa.selenium.remote.HttpCommandExecutor.execute(HttpCommandExecutor.java:158)
] d	at org.openqa.selenium.remote.service.DriverCommandExecutor.execute(DriverCommandExecutor.java:83)
] Q	at org.openqa.selenium.remote.RemoteWebDriver.execute(RemoteWebDriver.java:548)
] U	at org.openqa.selenium.remote.RemoteWebDriver.findElement(RemoteWebDriver.java:322)
] [	at org.openqa.selenium.remote.RemoteWebDriver.findElementByName(RemoteWebDriver.java:400)
] ;	at org.openqa.selenium.By$ByName.findElement(By.java:284)
] U	at org.openqa.selenium.remote.RemoteWebDriver.findElement(RemoteWebDriver.java:314)
] t	at com.cps3230.assignment.webapp.PageObjects.PaymentWebappPageObject.enterDetails(PaymentWebappPageObject.java:23)
] É	at com.cps3230.assignment.webapp.PageObjects.PaymentWebappPageObject.enterDetailsWithEmptyFields(PaymentWebappPageObject.java:40)
] g	at com.cps3230.assignment.webapp.stepdefs.WebAppDefs.iSubmitFormWithAllDataExcept(WebAppDefs.java:37)
] t	at ‚úΩ.I submit a form with all data except "customerName"(src/test/resources/features/webapp_features.feature:11)
] 
] Éorg.openqa.selenium.NoSuchElementException: no such element: Unable to locate element: {"method":"name","selector":"customerName"}
] '  (Session info: chrome=70.0.3538.110)
] æ  (Driver info: chromedriver=2.41.578700 (2f1ed5f9343c13f73144538f15c00b370eda6706),platform=Linux 4.15.0-42-generic x86_64) (WARNING: The server did not provide any stacktrace information)
] ,Command duration or timeout: 0 milliseconds
] eFor documentation on this error, please visit: http://seleniumhq.org/exceptions/no_such_element.html
] UBuild info: version: '3.14.0', revision: 'aacccce0', time: '2018-08-02T20:19:58.91Z'
] äSystem info: host: 'pop-os', ip: '127.0.1.1', os.name: 'Linux', os.arch: 'amd64', os.version: '4.15.0-42-generic', java.version: '10.0.2'
] 5Driver info: org.openqa.selenium.chrome.ChromeDriver
] §Capabilities {acceptInsecureCerts: false, acceptSslCerts: false, applicationCacheEnabled: false, browserConnectionEnabled: false, browserName: chrome, chrome: {chromedriverVersion: 2.41.578700 (2f1ed5f9343c13..., userDataDir: /tmp/.org.chromium.Chromium...}, cssSelectorsEnabled: true, databaseEnabled: false, goog:chromeOptions: {debuggerAddress: localhost:35805}, handlesAlerts: true, hasTouchScreen: false, javascriptEnabled: true, locationContextEnabled: true, mobileEmulationEnabled: false, nativeEvents: true, networkConnectionEnabled: false, pageLoadStrategy: normal, platform: LINUX, platformName: LINUX, rotatable: false, setWindowRect: true, takesHeapSnapshot: true, takesScreenshot: true, unexpectedAlertBehaviour: , unhandledPromptBehavior: , version: 70.0.3538.110, webStorageEnabled: true}
] -Session ID: 38af3d172021c50928c171c1282f5258
] 3*** Element info: {Using=name, value=customerName}
] ]	at java.base/jdk.internal.reflect.NativeConstructorAccessorImpl.newInstance0(Native Method)
] t	at java.base/jdk.internal.reflect.NativeConstructorAccessorImpl.newInstance(NativeConstructorAccessorImpl.java:62)
] |	at java.base/jdk.internal.reflect.DelegatingConstructorAccessorImpl.newInstance(DelegatingConstructorAccessorImpl.java:45)
] N	at java.base/java.lang.reflect.Constructor.newInstance(Constructor.java:488)
] S	at org.openqa.selenium.remote.ErrorHandler.createThrowable(ErrorHandler.java:214)
] Y	at org.openqa.selenium.remote.ErrorHandler.throwIfResponseFailed(ErrorHandler.java:166)
] j	at org.openqa.selenium.remote.http.JsonHttpResponseCodec.reconstructValue(JsonHttpResponseCodec.java:40)
] h	at org.openqa.selenium.remote.http.AbstractHttpResponseCodec.decode(AbstractHttpResponseCodec.java:80)
] h	at org.openqa.selenium.remote.http.AbstractHttpResponseCodec.decode(AbstractHttpResponseCodec.java:44)
] Y	at org.openqa.selenium.remote.HttpCommandExecutor.execute(HttpCommandExecutor.java:158)
] d	at org.openqa.selenium.remote.service.DriverCommandExecutor.execute(DriverCommandExecutor.java:83)
] Q	at org.openqa.selenium.remote.RemoteWebDriver.execute(RemoteWebDriver.java:548)
] U	at org.openqa.selenium.remote.RemoteWebDriver.findElement(RemoteWebDriver.java:322)
] [	at org.openqa.selenium.remote.RemoteWebDriver.findElementByName(RemoteWebDriver.java:400)
] ;	at org.openqa.selenium.By$ByName.findElement(By.java:284)
] U	at org.openqa.selenium.remote.RemoteWebDriver.findElement(RemoteWebDriver.java:314)
] t	at com.cps3230.assignment.webapp.PageObjects.PaymentWebappPageObject.enterDetails(PaymentWebappPageObject.java:23)
] É	at com.cps3230.assignment.webapp.PageObjects.PaymentWebappPageObject.enterDetailsWithEmptyFields(PaymentWebappPageObject.java:40)
] g	at com.cps3230.assignment.webapp.stepdefs.WebAppDefs.iSubmitFormWithAllDataExcept(WebAppDefs.java:37)
] w	at ‚úΩ.I submit a form with all data except "customerAddress"(src/test/resources/features/webapp_features.feature:11)
] 
] Éorg.openqa.selenium.NoSuchElementException: no such element: Unable to locate element: {"method":"name","selector":"customerName"}
] '  (Session info: chrome=70.0.3538.110)
] æ  (Driver info: chromedriver=2.41.578700 (2f1ed5f9343c13f73144538f15c00b370eda6706),platform=Linux 4.15.0-42-generic x86_64) (WARNING: The server did not provide any stacktrace information)
] ,Command duration or timeout: 0 milliseconds
] eFor documentation on this error, please visit: http://seleniumhq.org/exceptions/no_such_element.html
] UBuild info: version: '3.14.0', revision: 'aacccce0', time: '2018-08-02T20:19:58.91Z'
] äSystem info: host: 'pop-os', ip: '127.0.1.1', os.name: 'Linux', os.arch: 'amd64', os.version: '4.15.0-42-generic', java.version: '10.0.2'
] 5Driver info: org.openqa.selenium.chrome.ChromeDriver
] §Capabilities {acceptInsecureCerts: false, acceptSslCerts: false, applicationCacheEnabled: false, browserConnectionEnabled: false, browserName: chrome, chrome: {chromedriverVersion: 2.41.578700 (2f1ed5f9343c13..., userDataDir: /tmp/.org.chromium.Chromium...}, cssSelectorsEnabled: true, databaseEnabled: false, goog:chromeOptions: {debuggerAddress: localhost:35805}, handlesAlerts: true, hasTouchScreen: false, javascriptEnabled: true, locationContextEnabled: true, mobileEmulationEnabled: false, nativeEvents: true, networkConnectionEnabled: false, pageLoadStrategy: normal, platform: LINUX, platformName: LINUX, rotatable: false, setWindowRect: true, takesHeapSnapshot: true, takesScreenshot: true, unexpectedAlertBehaviour: , unhandledPromptBehavior: , version: 70.0.3538.110, webStorageEnabled: true}
] -Session ID: 38af3d172021c50928c171c1282f5258
] 3*** Element info: {Using=name, value=customerName}
] ]	at java.base/jdk.internal.reflect.NativeConstructorAccessorImpl.newInstance0(Native Method)
] t	at java.base/jdk.internal.reflect.NativeConstructorAccessorImpl.newInstance(NativeConstructorAccessorImpl.java:62)
] |	at java.base/jdk.internal.reflect.DelegatingConstructorAccessorImpl.newInstance(DelegatingConstructorAccessorImpl.java:45)
] N	at java.base/java.lang.reflect.Constructor.newInstance(Constructor.java:488)
] S	at org.openqa.selenium.remote.ErrorHandler.createThrowable(ErrorHandler.java:214)
] Y	at org.openqa.selenium.remote.ErrorHandler.throwIfResponseFailed(ErrorHandler.java:166)
] j	at org.openqa.selenium.remote.http.JsonHttpResponseCodec.reconstructValue(JsonHttpResponseCodec.java:40)
] h	at org.openqa.selenium.remote.http.AbstractHttpResponseCodec.decode(AbstractHttpResponseCodec.java:80)
] h	at org.openqa.selenium.remote.http.AbstractHttpResponseCodec.decode(AbstractHttpResponseCodec.java:44)
] Y	at org.openqa.selenium.remote.HttpCommandExecutor.execute(HttpCommandExecutor.java:158)
] d	at org.openqa.selenium.remote.service.DriverCommandExecutor.execute(DriverCommandExecutor.java:83)
] Q	at org.openqa.selenium.remote.RemoteWebDriver.execute(RemoteWebDriver.java:548)
] U	at org.openqa.selenium.remote.RemoteWebDriver.findElement(RemoteWebDriver.java:322)
] [	at org.openqa.selenium.remote.RemoteWebDriver.findElementByName(RemoteWebDriver.java:400)
] ;	at org.openqa.selenium.By$ByName.findElement(By.java:284)
] U	at org.openqa.selenium.remote.RemoteWebDriver.findElement(RemoteWebDriver.java:314)
] t	at com.cps3230.assignment.webapp.PageObjects.PaymentWebappPageObject.enterDetails(PaymentWebappPageObject.java:23)
] É	at com.cps3230.assignment.webapp.PageObjects.PaymentWebappPageObject.enterDetailsWithEmptyFields(PaymentWebappPageObject.java:40)
] g	at com.cps3230.assignment.webapp.stepdefs.WebAppDefs.iSubmitFormWithAllDataExcept(WebAppDefs.java:37)
] r	at ‚úΩ.I submit a form with all data except "cardNumber"(src/test/resources/features/webapp_features.feature:11)
] 
] Éorg.openqa.selenium.NoSuchElementException: no such element: Unable to locate element: {"method":"name","selector":"customerName"}
] '  (Session info: chrome=70.0.3538.110)
] æ  (Driver info: chromedriver=2.41.578700 (2f1ed5f9343c13f73144538f15c00b370eda6706),platform=Linux 4.15.0-42-generic x86_64) (WARNING: The server did not provide any stacktrace information)
] ,Command duration or timeout: 0 milliseconds
] eFor documentation on this error, please visit: http://seleniumhq.org/exceptions/no_such_element.html
] UBuild info: version: '3.14.0', revision: 'aacccce0', time: '2018-08-02T20:19:58.91Z'
] äSystem info: host: 'pop-os', ip: '127.0.1.1', os.name: 'Linux', os.arch: 'amd64', os.version: '4.15.0-42-generic', java.version: '10.0.2'
] 5Driver info: org.openqa.selenium.chrome.ChromeDriver
] §Capabilities {acceptInsecureCerts: false, acceptSslCerts: false, applicationCacheEnabled: false, browserConnectionEnabled: false, browserName: chrome, chrome: {chromedriverVersion: 2.41.578700 (2f1ed5f9343c13..., userDataDir: /tmp/.org.chromium.Chromium...}, cssSelectorsEnabled: true, databaseEnabled: false, goog:chromeOptions: {debuggerAddress: localhost:35805}, handlesAlerts: true, hasTouchScreen: false, javascriptEnabled: true, locationContextEnabled: true, mobileEmulationEnabled: false, nativeEvents: true, networkConnectionEnabled: false, pageLoadStrategy: normal, platform: LINUX, platformName: LINUX, rotatable: false, setWindowRect: true, takesHeapSnapshot: true, takesScreenshot: true, unexpectedAlertBehaviour: , unhandledPromptBehavior: , version: 70.0.3538.110, webStorageEnabled: true}
] -Session ID: 38af3d172021c50928c171c1282f5258
] 3*** Element info: {Using=name, value=customerName}
] ]	at java.base/jdk.internal.reflect.NativeConstructorAccessorImpl.newInstance0(Native Method)
] t	at java.base/jdk.internal.reflect.NativeConstructorAccessorImpl.newInstance(NativeConstructorAccessorImpl.java:62)
] |	at java.base/jdk.internal.reflect.DelegatingConstructorAccessorImpl.newInstance(DelegatingConstructorAccessorImpl.java:45)
] N	at java.base/java.lang.reflect.Constructor.newInstance(Constructor.java:488)
] S	at org.openqa.selenium.remote.ErrorHandler.createThrowable(ErrorHandler.java:214)
] Y	at org.openqa.selenium.remote.ErrorHandler.throwIfResponseFailed(ErrorHandler.java:166)
] j	at org.openqa.selenium.remote.http.JsonHttpResponseCodec.reconstructValue(JsonHttpResponseCodec.java:40)
] h	at org.openqa.selenium.remote.http.AbstractHttpResponseCodec.decode(AbstractHttpResponseCodec.java:80)
] h	at org.openqa.selenium.remote.http.AbstractHttpResponseCodec.decode(AbstractHttpResponseCodec.java:44)
] Y	at org.openqa.selenium.remote.HttpCommandExecutor.execute(HttpCommandExecutor.java:158)
] d	at org.openqa.selenium.remote.service.DriverCommandExecutor.execute(DriverCommandExecutor.java:83)
] Q	at org.openqa.selenium.remote.RemoteWebDriver.execute(RemoteWebDriver.java:548)
] U	at org.openqa.selenium.remote.RemoteWebDriver.findElement(RemoteWebDriver.java:322)
] [	at org.openqa.selenium.remote.RemoteWebDriver.findElementByName(RemoteWebDriver.java:400)
] ;	at org.openqa.selenium.By$ByName.findElement(By.java:284)
] U	at org.openqa.selenium.remote.RemoteWebDriver.findElement(RemoteWebDriver.java:314)
] t	at com.cps3230.assignment.webapp.PageObjects.PaymentWebappPageObject.enterDetails(PaymentWebappPageObject.java:23)
] É	at com.cps3230.assignment.webapp.PageObjects.PaymentWebappPageObject.enterDetailsWithEmptyFields(PaymentWebappPageObject.java:40)
] g	at com.cps3230.assignment.webapp.stepdefs.WebAppDefs.iSubmitFormWithAllDataExcept(WebAppDefs.java:37)
] v	at ‚úΩ.I submit a form with all data except "cardExpiryDate"(src/test/resources/features/webapp_features.feature:11)
] 
] Éorg.openqa.selenium.NoSuchElementException: no such element: Unable to locate element: {"method":"name","selector":"customerName"}
] '  (Session info: chrome=70.0.3538.110)
] æ  (Driver info: chromedriver=2.41.578700 (2f1ed5f9343c13f73144538f15c00b370eda6706),platform=Linux 4.15.0-42-generic x86_64) (WARNING: The server did not provide any stacktrace information)
] ,Command duration or timeout: 0 milliseconds
] eFor documentation on this error, please visit: http://seleniumhq.org/exceptions/no_such_element.html
] UBuild info: version: '3.14.0', revision: 'aacccce0', time: '2018-08-02T20:19:58.91Z'
] äSystem info: host: 'pop-os', ip: '127.0.1.1', os.name: 'Linux', os.arch: 'amd64', os.version: '4.15.0-42-generic', java.version: '10.0.2'
] 5Driver info: org.openqa.selenium.chrome.ChromeDriver
] §Capabilities {acceptInsecureCerts: false, acceptSslCerts: false, applicationCacheEnabled: false, browserConnectionEnabled: false, browserName: chrome, chrome: {chromedriverVersion: 2.41.578700 (2f1ed5f9343c13..., userDataDir: /tmp/.org.chromium.Chromium...}, cssSelectorsEnabled: true, databaseEnabled: false, goog:chromeOptions: {debuggerAddress: localhost:35805}, handlesAlerts: true, hasTouchScreen: false, javascriptEnabled: true, locationContextEnabled: true, mobileEmulationEnabled: false, nativeEvents: true, networkConnectionEnabled: false, pageLoadStrategy: normal, platform: LINUX, platformName: LINUX, rotatable: false, setWindowRect: true, takesHeapSnapshot: true, takesScreenshot: true, unexpectedAlertBehaviour: , unhandledPromptBehavior: , version: 70.0.3538.110, webStorageEnabled: true}
] -Session ID: 38af3d172021c50928c171c1282f5258
] 3*** Element info: {Using=name, value=customerName}
] ]	at java.base/jdk.internal.reflect.NativeConstructorAccessorImpl.newInstance0(Native Method)
] t	at java.base/jdk.internal.reflect.NativeConstructorAccessorImpl.newInstance(NativeConstructorAccessorImpl.java:62)
] |	at java.base/jdk.internal.reflect.DelegatingConstructorAccessorImpl.newInstance(DelegatingConstructorAccessorImpl.java:45)
] N	at java.base/java.lang.reflect.Constructor.newInstance(Constructor.java:488)
] S	at org.openqa.selenium.remote.ErrorHandler.createThrowable(ErrorHandler.java:214)
] Y	at org.openqa.selenium.remote.ErrorHandler.throwIfResponseFailed(ErrorHandler.java:166)
] j	at org.openqa.selenium.remote.http.JsonHttpResponseCodec.reconstructValue(JsonHttpResponseCodec.java:40)
] h	at org.openqa.selenium.remote.http.AbstractHttpResponseCodec.decode(AbstractHttpResponseCodec.java:80)
] h	at org.openqa.selenium.remote.http.AbstractHttpResponseCodec.decode(AbstractHttpResponseCodec.java:44)
] Y	at org.openqa.selenium.remote.HttpCommandExecutor.execute(HttpCommandExecutor.java:158)
] d	at org.openqa.selenium.remote.service.DriverCommandExecutor.execute(DriverCommandExecutor.java:83)
] Q	at org.openqa.selenium.remote.RemoteWebDriver.execute(RemoteWebDriver.java:548)
] U	at org.openqa.selenium.remote.RemoteWebDriver.findElement(RemoteWebDriver.java:322)
] [	at org.openqa.selenium.remote.RemoteWebDriver.findElementByName(RemoteWebDriver.java:400)
] ;	at org.openqa.selenium.By$ByName.findElement(By.java:284)
] U	at org.openqa.selenium.remote.RemoteWebDriver.findElement(RemoteWebDriver.java:314)
] t	at com.cps3230.assignment.webapp.PageObjects.PaymentWebappPageObject.enterDetails(PaymentWebappPageObject.java:23)
] É	at com.cps3230.assignment.webapp.PageObjects.PaymentWebappPageObject.enterDetailsWithEmptyFields(PaymentWebappPageObject.java:40)
] g	at com.cps3230.assignment.webapp.stepdefs.WebAppDefs.iSubmitFormWithAllDataExcept(WebAppDefs.java:37)
] o	at ‚úΩ.I submit a form with all data except "cardCvv"(src/test/resources/features/webapp_features.feature:11)
] 
] Éorg.openqa.selenium.NoSuchElementException: no such element: Unable to locate element: {"method":"name","selector":"customerName"}
] '  (Session info: chrome=70.0.3538.110)
] æ  (Driver info: chromedriver=2.41.578700 (2f1ed5f9343c13f73144538f15c00b370eda6706),platform=Linux 4.15.0-42-generic x86_64) (WARNING: The server did not provide any stacktrace information)
] ,Command duration or timeout: 0 milliseconds
] eFor documentation on this error, please visit: http://seleniumhq.org/exceptions/no_such_element.html
] UBuild info: version: '3.14.0', revision: 'aacccce0', time: '2018-08-02T20:19:58.91Z'
] äSystem info: host: 'pop-os', ip: '127.0.1.1', os.name: 'Linux', os.arch: 'amd64', os.version: '4.15.0-42-generic', java.version: '10.0.2'
] 5Driver info: org.openqa.selenium.chrome.ChromeDriver
] §Capabilities {acceptInsecureCerts: false, acceptSslCerts: false, applicationCacheEnabled: false, browserConnectionEnabled: false, browserName: chrome, chrome: {chromedriverVersion: 2.41.578700 (2f1ed5f9343c13..., userDataDir: /tmp/.org.chromium.Chromium...}, cssSelectorsEnabled: true, databaseEnabled: false, goog:chromeOptions: {debuggerAddress: localhost:35805}, handlesAlerts: true, hasTouchScreen: false, javascriptEnabled: true, locationContextEnabled: true, mobileEmulationEnabled: false, nativeEvents: true, networkConnectionEnabled: false, pageLoadStrategy: normal, platform: LINUX, platformName: LINUX, rotatable: false, setWindowRect: true, takesHeapSnapshot: true, takesScreenshot: true, unexpectedAlertBehaviour: , unhandledPromptBehavior: , version: 70.0.3538.110, webStorageEnabled: true}
] -Session ID: 38af3d172021c50928c171c1282f5258
] 3*** Element info: {Using=name, value=customerName}
] ]	at java.base/jdk.internal.reflect.NativeConstructorAccessorImpl.newInstance0(Native Method)
] t	at java.base/jdk.internal.reflect.NativeConstructorAccessorImpl.newInstance(NativeConstructorAccessorImpl.java:62)
] |	at java.base/jdk.internal.reflect.DelegatingConstructorAccessorImpl.newInstance(DelegatingConstructorAccessorImpl.java:45)
] N	at java.base/java.lang.reflect.Constructor.newInstance(Constructor.java:488)
] S	at org.openqa.selenium.remote.ErrorHandler.createThrowable(ErrorHandler.java:214)
] Y	at org.openqa.selenium.remote.ErrorHandler.throwIfResponseFailed(ErrorHandler.java:166)
] j	at org.openqa.selenium.remote.http.JsonHttpResponseCodec.reconstructValue(JsonHttpResponseCodec.java:40)
] h	at org.openqa.selenium.remote.http.AbstractHttpResponseCodec.decode(AbstractHttpResponseCodec.java:80)
] h	at org.openqa.selenium.remote.http.AbstractHttpResponseCodec.decode(AbstractHttpResponseCodec.java:44)
] Y	at org.openqa.selenium.remote.HttpCommandExecutor.execute(HttpCommandExecutor.java:158)
] d	at org.openqa.selenium.remote.service.DriverCommandExecutor.execute(DriverCommandExecutor.java:83)
] Q	at org.openqa.selenium.remote.RemoteWebDriver.execute(RemoteWebDriver.java:548)
] U	at org.openqa.selenium.remote.RemoteWebDriver.findElement(RemoteWebDriver.java:322)
] [	at org.openqa.selenium.remote.RemoteWebDriver.findElementByName(RemoteWebDriver.java:400)
] ;	at org.openqa.selenium.By$ByName.findElement(By.java:284)
] U	at org.openqa.selenium.remote.RemoteWebDriver.findElement(RemoteWebDriver.java:314)
] t	at com.cps3230.assignment.webapp.PageObjects.PaymentWebappPageObject.enterDetails(PaymentWebappPageObject.java:23)
] u	at com.cps3230.assignment.webapp.stepdefs.WebAppDefs.iSubmitFormWithAllDataButWithAnInvalidCard(WebAppDefs.java:51)
] s	at ‚úΩ.I submit a form with all data but with an "567709"(src/test/resources/features/webapp_features.feature:24)
] 
] Éorg.openqa.selenium.NoSuchElementException: no such element: Unable to locate element: {"method":"name","selector":"customerName"}
] '  (Session info: chrome=70.0.3538.110)
] æ  (Driver info: chromedriver=2.41.578700 (2f1ed5f9343c13f73144538f15c00b370eda6706),platform=Linux 4.15.0-42-generic x86_64) (WARNING: The server did not provide any stacktrace information)
] ,Command duration or timeout: 0 milliseconds
] eFor documentation on this error, please visit: http://seleniumhq.org/exceptions/no_such_element.html
] UBuild info: version: '3.14.0', revision: 'aacccce0', time: '2018-08-02T20:19:58.91Z'
] äSystem info: host: 'pop-os', ip: '127.0.1.1', os.name: 'Linux', os.arch: 'amd64', os.version: '4.15.0-42-generic', java.version: '10.0.2'
] 5Driver info: org.openqa.selenium.chrome.ChromeDriver
] §Capabilities {acceptInsecureCerts: false, acceptSslCerts: false, applicationCacheEnabled: false, browserConnectionEnabled: false, browserName: chrome, chrome: {chromedriverVersion: 2.41.578700 (2f1ed5f9343c13..., userDataDir: /tmp/.org.chromium.Chromium...}, cssSelectorsEnabled: true, databaseEnabled: false, goog:chromeOptions: {debuggerAddress: localhost:35805}, handlesAlerts: true, hasTouchScreen: false, javascriptEnabled: true, locationContextEnabled: true, mobileEmulationEnabled: false, nativeEvents: true, networkConnectionEnabled: false, pageLoadStrategy: normal, platform: LINUX, platformName: LINUX, rotatable: false, setWindowRect: true, takesHeapSnapshot: true, takesScreenshot: true, unexpectedAlertBehaviour: , unhandledPromptBehavior: , version: 70.0.3538.110, webStorageEnabled: true}
] -Session ID: 38af3d172021c50928c171c1282f5258
] 3*** Element info: {Using=name, value=customerName}
] ]	at java.base/jdk.internal.reflect.NativeConstructorAccessorImpl.newInstance0(Native Method)
] t	at java.base/jdk.internal.reflect.NativeConstructorAccessorImpl.newInstance(NativeConstructorAccessorImpl.java:62)
] |	at java.base/jdk.internal.reflect.DelegatingConstructorAccessorImpl.newInstance(DelegatingConstructorAccessorImpl.java:45)
] N	at java.base/java.lang.reflect.Constructor.newInstance(Constructor.java:488)
] S	at org.openqa.selenium.remote.ErrorHandler.createThrowable(ErrorHandler.java:214)
] Y	at org.openqa.selenium.remote.ErrorHandler.throwIfResponseFailed(ErrorHandler.java:166)
] j	at org.openqa.selenium.remote.http.JsonHttpResponseCodec.reconstructValue(JsonHttpResponseCodec.java:40)
] h	at org.openqa.selenium.remote.http.AbstractHttpResponseCodec.decode(AbstractHttpResponseCodec.java:80)
] h	at org.openqa.selenium.remote.http.AbstractHttpResponseCodec.decode(AbstractHttpResponseCodec.java:44)
] Y	at org.openqa.selenium.remote.HttpCommandExecutor.execute(HttpCommandExecutor.java:158)
] d	at org.openqa.selenium.remote.service.DriverCommandExecutor.execute(DriverCommandExecutor.java:83)
] Q	at org.openqa.selenium.remote.RemoteWebDriver.execute(RemoteWebDriver.java:548)
] U	at org.openqa.selenium.remote.RemoteWebDriver.findElement(RemoteWebDriver.java:322)
] [	at org.openqa.selenium.remote.RemoteWebDriver.findElementByName(RemoteWebDriver.java:400)
] ;	at org.openqa.selenium.By$ByName.findElement(By.java:284)
] U	at org.openqa.selenium.remote.RemoteWebDriver.findElement(RemoteWebDriver.java:314)
] t	at com.cps3230.assignment.webapp.PageObjects.PaymentWebappPageObject.enterDetails(PaymentWebappPageObject.java:23)
] u	at com.cps3230.assignment.webapp.stepdefs.WebAppDefs.iSubmitFormWithAllDataButWithAnInvalidCard(WebAppDefs.java:51)
] u	at ‚úΩ.I submit a form with all data but with an "6767o962"(src/test/resources/features/webapp_features.feature:24)
] 
] Éorg.openqa.selenium.NoSuchElementException: no such element: Unable to locate element: {"method":"name","selector":"customerName"}
] '  (Session info: chrome=70.0.3538.110)
] æ  (Driver info: chromedriver=2.41.578700 (2f1ed5f9343c13f73144538f15c00b370eda6706),platform=Linux 4.15.0-42-generic x86_64) (WARNING: The server did not provide any stacktrace information)
] ,Command duration or timeout: 0 milliseconds
] eFor documentation on this error, please visit: http://seleniumhq.org/exceptions/no_such_element.html
] UBuild info: version: '3.14.0', revision: 'aacccce0', time: '2018-08-02T20:19:58.91Z'
] äSystem info: host: 'pop-os', ip: '127.0.1.1', os.name: 'Linux', os.arch: 'amd64', os.version: '4.15.0-42-generic', java.version: '10.0.2'
] 5Driver info: org.openqa.selenium.chrome.ChromeDriver
] §Capabilities {acceptInsecureCerts: false, acceptSslCerts: false, applicationCacheEnabled: false, browserConnectionEnabled: false, browserName: chrome, chrome: {chromedriverVersion: 2.41.578700 (2f1ed5f9343c13..., userDataDir: /tmp/.org.chromium.Chromium...}, cssSelectorsEnabled: true, databaseEnabled: false, goog:chromeOptions: {debuggerAddress: localhost:35805}, handlesAlerts: true, hasTouchScreen: false, javascriptEnabled: true, locationContextEnabled: true, mobileEmulationEnabled: false, nativeEvents: true, networkConnectionEnabled: false, pageLoadStrategy: normal, platform: LINUX, platformName: LINUX, rotatable: false, setWindowRect: true, takesHeapSnapshot: true, takesScreenshot: true, unexpectedAlertBehaviour: , unhandledPromptBehavior: , version: 70.0.3538.110, webStorageEnabled: true}
] -Session ID: 38af3d172021c50928c171c1282f5258
] 3*** Element info: {Using=name, value=customerName}
] ]	at java.base/jdk.internal.reflect.NativeConstructorAccessorImpl.newInstance0(Native Method)
] t	at java.base/jdk.internal.reflect.NativeConstructorAccessorImpl.newInstance(NativeConstructorAccessorImpl.java:62)
] |	at java.base/jdk.internal.reflect.DelegatingConstructorAccessorImpl.newInstance(DelegatingConstructorAccessorImpl.java:45)
] N	at java.base/java.lang.reflect.Constructor.newInstance(Constructor.java:488)
] S	at org.openqa.selenium.remote.ErrorHandler.createThrowable(ErrorHandler.java:214)
] Y	at org.openqa.selenium.remote.ErrorHandler.throwIfResponseFailed(ErrorHandler.java:166)
] j	at org.openqa.selenium.remote.http.JsonHttpResponseCodec.reconstructValue(JsonHttpResponseCodec.java:40)
] h	at org.openqa.selenium.remote.http.AbstractHttpResponseCodec.decode(AbstractHttpResponseCodec.java:80)
] h	at org.openqa.selenium.remote.http.AbstractHttpResponseCodec.decode(AbstractHttpResponseCodec.java:44)
] Y	at org.openqa.selenium.remote.HttpCommandExecutor.execute(HttpCommandExecutor.java:158)
] d	at org.openqa.selenium.remote.service.DriverCommandExecutor.execute(DriverCommandExecutor.java:83)
] Q	at org.openqa.selenium.remote.RemoteWebDriver.execute(RemoteWebDriver.java:548)
] U	at org.openqa.selenium.remote.RemoteWebDriver.findElement(RemoteWebDriver.java:322)
] [	at org.openqa.selenium.remote.RemoteWebDriver.findElementByName(RemoteWebDriver.java:400)
] ;	at org.openqa.selenium.By$ByName.findElement(By.java:284)
] U	at org.openqa.selenium.remote.RemoteWebDriver.findElement(RemoteWebDriver.java:314)
] t	at com.cps3230.assignment.webapp.PageObjects.PaymentWebappPageObject.enterDetails(PaymentWebappPageObject.java:23)
] i	at com.cps3230.assignment.webapp.stepdefs.WebAppDefs.iSubmitAFormWithAllDataWithAnd(WebAppDefs.java:80)
] ê	at ‚úΩ.I submit a form with all data with "4557 3727 3979 3901" and "AMERICAN_EXPRESS"(src/test/resources/features/webapp_features.feature:33)
] 
] Éorg.openqa.selenium.NoSuchElementException: no such element: Unable to locate element: {"method":"name","selector":"customerName"}
] '  (Session info: chrome=70.0.3538.110)
] æ  (Driver info: chromedriver=2.41.578700 (2f1ed5f9343c13f73144538f15c00b370eda6706),platform=Linux 4.15.0-42-generic x86_64) (WARNING: The server did not provide any stacktrace information)
] ,Command duration or timeout: 0 milliseconds
] eFor documentation on this error, please visit: http://seleniumhq.org/exceptions/no_such_element.html
] UBuild info: version: '3.14.0', revision: 'aacccce0', time: '2018-08-02T20:19:58.91Z'
] äSystem info: host: 'pop-os', ip: '127.0.1.1', os.name: 'Linux', os.arch: 'amd64', os.version: '4.15.0-42-generic', java.version: '10.0.2'
] 5Driver info: org.openqa.selenium.chrome.ChromeDriver
] §Capabilities {acceptInsecureCerts: false, acceptSslCerts: false, applicationCacheEnabled: false, browserConnectionEnabled: false, browserName: chrome, chrome: {chromedriverVersion: 2.41.578700 (2f1ed5f9343c13..., userDataDir: /tmp/.org.chromium.Chromium...}, cssSelectorsEnabled: true, databaseEnabled: false, goog:chromeOptions: {debuggerAddress: localhost:35805}, handlesAlerts: true, hasTouchScreen: false, javascriptEnabled: true, locationContextEnabled: true, mobileEmulationEnabled: false, nativeEvents: true, networkConnectionEnabled: false, pageLoadStrategy: normal, platform: LINUX, platformName: LINUX, rotatable: false, setWindowRect: true, takesHeapSnapshot: true, takesScreenshot: true, unexpectedAlertBehaviour: , unhandledPromptBehavior: , version: 70.0.3538.110, webStorageEnabled: true}
] -Session ID: 38af3d172021c50928c171c1282f5258
] 3*** Element info: {Using=name, value=customerName}
] ]	at java.base/jdk.internal.reflect.NativeConstructorAccessorImpl.newInstance0(Native Method)
] t	at java.base/jdk.internal.reflect.NativeConstructorAccessorImpl.newInstance(NativeConstructorAccessorImpl.java:62)
] |	at java.base/jdk.internal.reflect.DelegatingConstructorAccessorImpl.newInstance(DelegatingConstructorAccessorImpl.java:45)
] N	at java.base/java.lang.reflect.Constructor.newInstance(Constructor.java:488)
] S	at org.openqa.selenium.remote.ErrorHandler.createThrowable(ErrorHandler.java:214)
] Y	at org.openqa.selenium.remote.ErrorHandler.throwIfResponseFailed(ErrorHandler.java:166)
] j	at org.openqa.selenium.remote.http.JsonHttpResponseCodec.reconstructValue(JsonHttpResponseCodec.java:40)
] h	at org.openqa.selenium.remote.http.AbstractHttpResponseCodec.decode(AbstractHttpResponseCodec.java:80)
] h	at org.openqa.selenium.remote.http.AbstractHttpResponseCodec.decode(AbstractHttpResponseCodec.java:44)
] Y	at org.openqa.selenium.remote.HttpCommandExecutor.execute(HttpCommandExecutor.java:158)
] d	at org.openqa.selenium.remote.service.DriverCommandExecutor.execute(DriverCommandExecutor.java:83)
] Q	at org.openqa.selenium.remote.RemoteWebDriver.execute(RemoteWebDriver.java:548)
] U	at org.openqa.selenium.remote.RemoteWebDriver.findElement(RemoteWebDriver.java:322)
] [	at org.openqa.selenium.remote.RemoteWebDriver.findElementByName(RemoteWebDriver.java:400)
] ;	at org.openqa.selenium.By$ByName.findElement(By.java:284)
] U	at org.openqa.selenium.remote.RemoteWebDriver.findElement(RemoteWebDriver.java:314)
] t	at com.cps3230.assignment.webapp.PageObjects.PaymentWebappPageObject.enterDetails(PaymentWebappPageObject.java:23)
] i	at com.cps3230.assignment.webapp.stepdefs.WebAppDefs.iSubmitAFormWithAllDataWithAnd(WebAppDefs.java:80)
] ê	at ‚úΩ.I submit a form with all data with "5124 0021 8814 1135" and "AMERICAN_EXPRESS"(src/test/resources/features/webapp_features.feature:33)
] 
] Éorg.openqa.selenium.NoSuchElementException: no such element: Unable to locate element: {"method":"name","selector":"customerName"}
] '  (Session info: chrome=70.0.3538.110)
] æ  (Driver info: chromedriver=2.41.578700 (2f1ed5f9343c13f73144538f15c00b370eda6706),platform=Linux 4.15.0-42-generic x86_64) (WARNING: The server did not provide any stacktrace information)
] ,Command duration or timeout: 0 milliseconds
] eFor documentation on this error, please visit: http://seleniumhq.org/exceptions/no_such_element.html
] UBuild info: version: '3.14.0', revision: 'aacccce0', time: '2018-08-02T20:19:58.91Z'
] äSystem info: host: 'pop-os', ip: '127.0.1.1', os.name: 'Linux', os.arch: 'amd64', os.version: '4.15.0-42-generic', java.version: '10.0.2'
] 5Driver info: org.openqa.selenium.chrome.ChromeDriver
] §Capabilities {acceptInsecureCerts: false, acceptSslCerts: false, applicationCacheEnabled: false, browserConnectionEnabled: false, browserName: chrome, chrome: {chromedriverVersion: 2.41.578700 (2f1ed5f9343c13..., userDataDir: /tmp/.org.chromium.Chromium...}, cssSelectorsEnabled: true, databaseEnabled: false, goog:chromeOptions: {debuggerAddress: localhost:35805}, handlesAlerts: true, hasTouchScreen: false, javascriptEnabled: true, locationContextEnabled: true, mobileEmulationEnabled: false, nativeEvents: true, networkConnectionEnabled: false, pageLoadStrategy: normal, platform: LINUX, platformName: LINUX, rotatable: false, setWindowRect: true, takesHeapSnapshot: true, takesScreenshot: true, unexpectedAlertBehaviour: , unhandledPromptBehavior: , version: 70.0.3538.110, webStorageEnabled: true}
] -Session ID: 38af3d172021c50928c171c1282f5258
] 3*** Element info: {Using=name, value=customerName}
] ]	at java.base/jdk.internal.reflect.NativeConstructorAccessorImpl.newInstance0(Native Method)
] t	at java.base/jdk.internal.reflect.NativeConstructorAccessorImpl.newInstance(NativeConstructorAccessorImpl.java:62)
] |	at java.base/jdk.internal.reflect.DelegatingConstructorAccessorImpl.newInstance(DelegatingConstructorAccessorImpl.java:45)
] N	at java.base/java.lang.reflect.Constructor.newInstance(Constructor.java:488)
] S	at org.openqa.selenium.remote.ErrorHandler.createThrowable(ErrorHandler.java:214)
] Y	at org.openqa.selenium.remote.ErrorHandler.throwIfResponseFailed(ErrorHandler.java:166)
] j	at org.openqa.selenium.remote.http.JsonHttpResponseCodec.reconstructValue(JsonHttpResponseCodec.java:40)
] h	at org.openqa.selenium.remote.http.AbstractHttpResponseCodec.decode(AbstractHttpResponseCodec.java:80)
] h	at org.openqa.selenium.remote.http.AbstractHttpResponseCodec.decode(AbstractHttpResponseCodec.java:44)
] Y	at org.openqa.selenium.remote.HttpCommandExecutor.execute(HttpCommandExecutor.java:158)
] d	at org.openqa.selenium.remote.service.DriverCommandExecutor.execute(DriverCommandExecutor.java:83)
] Q	at org.openqa.selenium.remote.RemoteWebDriver.execute(RemoteWebDriver.java:548)
] U	at org.openqa.selenium.remote.RemoteWebDriver.findElement(RemoteWebDriver.java:322)
] [	at org.openqa.selenium.remote.RemoteWebDriver.findElementByName(RemoteWebDriver.java:400)
] ;	at org.openqa.selenium.By$ByName.findElement(By.java:284)
] U	at org.openqa.selenium.remote.RemoteWebDriver.findElement(RemoteWebDriver.java:314)
] t	at com.cps3230.assignment.webapp.PageObjects.PaymentWebappPageObject.enterDetails(PaymentWebappPageObject.java:23)
] i	at com.cps3230.assignment.webapp.stepdefs.WebAppDefs.iSubmitAFormWithAllDataWithAnd(WebAppDefs.java:80)
] Ä	at ‚úΩ.I submit a form with all data with "371449635398431" and "VISA"(src/test/resources/features/webapp_features.feature:33)
] 
] Éorg.openqa.selenium.NoSuchElementException: no such element: Unable to locate element: {"method":"name","selector":"customerName"}
] '  (Session info: chrome=70.0.3538.110)
] æ  (Driver info: chromedriver=2.41.578700 (2f1ed5f9343c13f73144538f15c00b370eda6706),platform=Linux 4.15.0-42-generic x86_64) (WARNING: The server did not provide any stacktrace information)
] ,Command duration or timeout: 0 milliseconds
] eFor documentation on this error, please visit: http://seleniumhq.org/exceptions/no_such_element.html
] UBuild info: version: '3.14.0', revision: 'aacccce0', time: '2018-08-02T20:19:58.91Z'
] äSystem info: host: 'pop-os', ip: '127.0.1.1', os.name: 'Linux', os.arch: 'amd64', os.version: '4.15.0-42-generic', java.version: '10.0.2'
] 5Driver info: org.openqa.selenium.chrome.ChromeDriver
] §Capabilities {acceptInsecureCerts: false, acceptSslCerts: false, applicationCacheEnabled: false, browserConnectionEnabled: false, browserName: chrome, chrome: {chromedriverVersion: 2.41.578700 (2f1ed5f9343c13..., userDataDir: /tmp/.org.chromium.Chromium...}, cssSelectorsEnabled: true, databaseEnabled: false, goog:chromeOptions: {debuggerAddress: localhost:35805}, handlesAlerts: true, hasTouchScreen: false, javascriptEnabled: true, locationContextEnabled: true, mobileEmulationEnabled: false, nativeEvents: true, networkConnectionEnabled: false, pageLoadStrategy: normal, platform: LINUX, platformName: LINUX, rotatable: false, setWindowRect: true, takesHeapSnapshot: true, takesScreenshot: true, unexpectedAlertBehaviour: , unhandledPromptBehavior: , version: 70.0.3538.110, webStorageEnabled: true}
] -Session ID: 38af3d172021c50928c171c1282f5258
] 3*** Element info: {Using=name, value=customerName}
] ]	at java.base/jdk.internal.reflect.NativeConstructorAccessorImpl.newInstance0(Native Method)
] t	at java.base/jdk.internal.reflect.NativeConstructorAccessorImpl.newInstance(NativeConstructorAccessorImpl.java:62)
] |	at java.base/jdk.internal.reflect.DelegatingConstructorAccessorImpl.newInstance(DelegatingConstructorAccessorImpl.java:45)
] N	at java.base/java.lang.reflect.Constructor.newInstance(Constructor.java:488)
] S	at org.openqa.selenium.remote.ErrorHandler.createThrowable(ErrorHandler.java:214)
] Y	at org.openqa.selenium.remote.ErrorHandler.throwIfResponseFailed(ErrorHandler.java:166)
] j	at org.openqa.selenium.remote.http.JsonHttpResponseCodec.reconstructValue(JsonHttpResponseCodec.java:40)
] h	at org.openqa.selenium.remote.http.AbstractHttpResponseCodec.decode(AbstractHttpResponseCodec.java:80)
] h	at org.openqa.selenium.remote.http.AbstractHttpResponseCodec.decode(AbstractHttpResponseCodec.java:44)
] Y	at org.openqa.selenium.remote.HttpCommandExecutor.execute(HttpCommandExecutor.java:158)
] d	at org.openqa.selenium.remote.service.DriverCommandExecutor.execute(DriverCommandExecutor.java:83)
] Q	at org.openqa.selenium.remote.RemoteWebDriver.execute(RemoteWebDriver.java:548)
] U	at org.openqa.selenium.remote.RemoteWebDriver.findElement(RemoteWebDriver.java:322)
] [	at org.openqa.selenium.remote.RemoteWebDriver.findElementByName(RemoteWebDriver.java:400)
] ;	at org.openqa.selenium.By$ByName.findElement(By.java:284)
] U	at org.openqa.selenium.remote.RemoteWebDriver.findElement(RemoteWebDriver.java:314)
] t	at com.cps3230.assignment.webapp.PageObjects.PaymentWebappPageObject.enterDetails(PaymentWebappPageObject.java:23)
] i	at com.cps3230.assignment.webapp.stepdefs.WebAppDefs.iSubmitAFormWithAllDataWithAnd(WebAppDefs.java:80)
] Ñ	at ‚úΩ.I submit a form with all data with "5124 0021 8814 1135" and "VISA"(src/test/resources/features/webapp_features.feature:33)
] 
] Éorg.openqa.selenium.NoSuchElementException: no such element: Unable to locate element: {"method":"name","selector":"customerName"}
] '  (Session info: chrome=70.0.3538.110)
] æ  (Driver info: chromedriver=2.41.578700 (2f1ed5f9343c13f73144538f15c00b370eda6706),platform=Linux 4.15.0-42-generic x86_64) (WARNING: The server did not provide any stacktrace information)
] ,Command duration or timeout: 0 milliseconds
] eFor documentation on this error, please visit: http://seleniumhq.org/exceptions/no_such_element.html
] UBuild info: version: '3.14.0', revision: 'aacccce0', time: '2018-08-02T20:19:58.91Z'
] äSystem info: host: 'pop-os', ip: '127.0.1.1', os.name: 'Linux', os.arch: 'amd64', os.version: '4.15.0-42-generic', java.version: '10.0.2'
] 5Driver info: org.openqa.selenium.chrome.ChromeDriver
] §Capabilities {acceptInsecureCerts: false, acceptSslCerts: false, applicationCacheEnabled: false, browserConnectionEnabled: false, browserName: chrome, chrome: {chromedriverVersion: 2.41.578700 (2f1ed5f9343c13..., userDataDir: /tmp/.org.chromium.Chromium...}, cssSelectorsEnabled: true, databaseEnabled: false, goog:chromeOptions: {debuggerAddress: localhost:35805}, handlesAlerts: true, hasTouchScreen: false, javascriptEnabled: true, locationContextEnabled: true, mobileEmulationEnabled: false, nativeEvents: true, networkConnectionEnabled: false, pageLoadStrategy: normal, platform: LINUX, platformName: LINUX, rotatable: false, setWindowRect: true, takesHeapSnapshot: true, takesScreenshot: true, unexpectedAlertBehaviour: , unhandledPromptBehavior: , version: 70.0.3538.110, webStorageEnabled: true}
] -Session ID: 38af3d172021c50928c171c1282f5258
] 3*** Element info: {Using=name, value=customerName}
] ]	at java.base/jdk.internal.reflect.NativeConstructorAccessorImpl.newInstance0(Native Method)
] t	at java.base/jdk.internal.reflect.NativeConstructorAccessorImpl.newInstance(NativeConstructorAccessorImpl.java:62)
] |	at java.base/jdk.internal.reflect.DelegatingConstructorAccessorImpl.newInstance(DelegatingConstructorAccessorImpl.java:45)
] N	at java.base/java.lang.reflect.Constructor.newInstance(Constructor.java:488)
] S	at org.openqa.selenium.remote.ErrorHandler.createThrowable(ErrorHandler.java:214)
] Y	at org.openqa.selenium.remote.ErrorHandler.throwIfResponseFailed(ErrorHandler.java:166)
] j	at org.openqa.selenium.remote.http.JsonHttpResponseCodec.reconstructValue(JsonHttpResponseCodec.java:40)
] h	at org.openqa.selenium.remote.http.AbstractHttpResponseCodec.decode(AbstractHttpResponseCodec.java:80)
] h	at org.openqa.selenium.remote.http.AbstractHttpResponseCodec.decode(AbstractHttpResponseCodec.java:44)
] Y	at org.openqa.selenium.remote.HttpCommandExecutor.execute(HttpCommandExecutor.java:158)
] d	at org.openqa.selenium.remote.service.DriverCommandExecutor.execute(DriverCommandExecutor.java:83)
] Q	at org.openqa.selenium.remote.RemoteWebDriver.execute(RemoteWebDriver.java:548)
] U	at org.openqa.selenium.remote.RemoteWebDriver.findElement(RemoteWebDriver.java:322)
] [	at org.openqa.selenium.remote.RemoteWebDriver.findElementByName(RemoteWebDriver.java:400)
] ;	at org.openqa.selenium.By$ByName.findElement(By.java:284)
] U	at org.openqa.selenium.remote.RemoteWebDriver.findElement(RemoteWebDriver.java:314)
] t	at com.cps3230.assignment.webapp.PageObjects.PaymentWebappPageObject.enterDetails(PaymentWebappPageObject.java:23)
] i	at com.cps3230.assignment.webapp.stepdefs.WebAppDefs.iSubmitAFormWithAllDataWithAnd(WebAppDefs.java:80)
] á	at ‚úΩ.I submit a form with all data with "371449635398431" and "MASTER_CARD"(src/test/resources/features/webapp_features.feature:33)
] 
] Éorg.openqa.selenium.NoSuchElementException: no such element: Unable to locate element: {"method":"name","selector":"customerName"}
] '  (Session info: chrome=70.0.3538.110)
] æ  (Driver info: chromedriver=2.41.578700 (2f1ed5f9343c13f73144538f15c00b370eda6706),platform=Linux 4.15.0-42-generic x86_64) (WARNING: The server did not provide any stacktrace information)
] ,Command duration or timeout: 0 milliseconds
] eFor documentation on this error, please visit: http://seleniumhq.org/exceptions/no_such_element.html
] UBuild info: version: '3.14.0', revision: 'aacccce0', time: '2018-08-02T20:19:58.91Z'
] äSystem info: host: 'pop-os', ip: '127.0.1.1', os.name: 'Linux', os.arch: 'amd64', os.version: '4.15.0-42-generic', java.version: '10.0.2'
] 5Driver info: org.openqa.selenium.chrome.ChromeDriver
] §Capabilities {acceptInsecureCerts: false, acceptSslCerts: false, applicationCacheEnabled: false, browserConnectionEnabled: false, browserName: chrome, chrome: {chromedriverVersion: 2.41.578700 (2f1ed5f9343c13..., userDataDir: /tmp/.org.chromium.Chromium...}, cssSelectorsEnabled: true, databaseEnabled: false, goog:chromeOptions: {debuggerAddress: localhost:35805}, handlesAlerts: true, hasTouchScreen: false, javascriptEnabled: true, locationContextEnabled: true, mobileEmulationEnabled: false, nativeEvents: true, networkConnectionEnabled: false, pageLoadStrategy: normal, platform: LINUX, platformName: LINUX, rotatable: false, setWindowRect: true, takesHeapSnapshot: true, takesScreenshot: true, unexpectedAlertBehaviour: , unhandledPromptBehavior: , version: 70.0.3538.110, webStorageEnabled: true}
] -Session ID: 38af3d172021c50928c171c1282f5258
] 3*** Element info: {Using=name, value=customerName}
] ]	at java.base/jdk.internal.reflect.NativeConstructorAccessorImpl.newInstance0(Native Method)
] t	at java.base/jdk.internal.reflect.NativeConstructorAccessorImpl.newInstance(NativeConstructorAccessorImpl.java:62)
] |	at java.base/jdk.internal.reflect.DelegatingConstructorAccessorImpl.newInstance(DelegatingConstructorAccessorImpl.java:45)
] N	at java.base/java.lang.reflect.Constructor.newInstance(Constructor.java:488)
] S	at org.openqa.selenium.remote.ErrorHandler.createThrowable(ErrorHandler.java:214)
] Y	at org.openqa.selenium.remote.ErrorHandler.throwIfResponseFailed(ErrorHandler.java:166)
] j	at org.openqa.selenium.remote.http.JsonHttpResponseCodec.reconstructValue(JsonHttpResponseCodec.java:40)
] h	at org.openqa.selenium.remote.http.AbstractHttpResponseCodec.decode(AbstractHttpResponseCodec.java:80)
] h	at org.openqa.selenium.remote.http.AbstractHttpResponseCodec.decode(AbstractHttpResponseCodec.java:44)
] Y	at org.openqa.selenium.remote.HttpCommandExecutor.execute(HttpCommandExecutor.java:158)
] d	at org.openqa.selenium.remote.service.DriverCommandExecutor.execute(DriverCommandExecutor.java:83)
] Q	at org.openqa.selenium.remote.RemoteWebDriver.execute(RemoteWebDriver.java:548)
] U	at org.openqa.selenium.remote.RemoteWebDriver.findElement(RemoteWebDriver.java:322)
] [	at org.openqa.selenium.remote.RemoteWebDriver.findElementByName(RemoteWebDriver.java:400)
] ;	at org.openqa.selenium.By$ByName.findElement(By.java:284)
] U	at org.openqa.selenium.remote.RemoteWebDriver.findElement(RemoteWebDriver.java:314)
] t	at com.cps3230.assignment.webapp.PageObjects.PaymentWebappPageObject.enterDetails(PaymentWebappPageObject.java:23)
] n	at com.cps3230.assignment.webapp.stepdefs.WebAppDefs.iSubmitAFormWithAllDataButIsInvalid(WebAppDefs.java:68)
] u	at ‚úΩ.I submit a form with all data but "10/17" is invalid(src/test/resources/features/webapp_features.feature:45)
] 
] Éorg.openqa.selenium.NoSuchElementException: no such element: Unable to locate element: {"method":"name","selector":"customerName"}
] '  (Session info: chrome=70.0.3538.110)
] æ  (Driver info: chromedriver=2.41.578700 (2f1ed5f9343c13f73144538f15c00b370eda6706),platform=Linux 4.15.0-42-generic x86_64) (WARNING: The server did not provide any stacktrace information)
] ,Command duration or timeout: 0 milliseconds
] eFor documentation on this error, please visit: http://seleniumhq.org/exceptions/no_such_element.html
] UBuild info: version: '3.14.0', revision: 'aacccce0', time: '2018-08-02T20:19:58.91Z'
] äSystem info: host: 'pop-os', ip: '127.0.1.1', os.name: 'Linux', os.arch: 'amd64', os.version: '4.15.0-42-generic', java.version: '10.0.2'
] 5Driver info: org.openqa.selenium.chrome.ChromeDriver
] §Capabilities {acceptInsecureCerts: false, acceptSslCerts: false, applicationCacheEnabled: false, browserConnectionEnabled: false, browserName: chrome, chrome: {chromedriverVersion: 2.41.578700 (2f1ed5f9343c13..., userDataDir: /tmp/.org.chromium.Chromium...}, cssSelectorsEnabled: true, databaseEnabled: false, goog:chromeOptions: {debuggerAddress: localhost:35805}, handlesAlerts: true, hasTouchScreen: false, javascriptEnabled: true, locationContextEnabled: true, mobileEmulationEnabled: false, nativeEvents: true, networkConnectionEnabled: false, pageLoadStrategy: normal, platform: LINUX, platformName: LINUX, rotatable: false, setWindowRect: true, takesHeapSnapshot: true, takesScreenshot: true, unexpectedAlertBehaviour: , unhandledPromptBehavior: , version: 70.0.3538.110, webStorageEnabled: true}
] -Session ID: 38af3d172021c50928c171c1282f5258
] 3*** Element info: {Using=name, value=customerName}
] ]	at java.base/jdk.internal.reflect.NativeConstructorAccessorImpl.newInstance0(Native Method)
] t	at java.base/jdk.internal.reflect.NativeConstructorAccessorImpl.newInstance(NativeConstructorAccessorImpl.java:62)
] |	at java.base/jdk.internal.reflect.DelegatingConstructorAccessorImpl.newInstance(DelegatingConstructorAccessorImpl.java:45)
] N	at java.base/java.lang.reflect.Constructor.newInstance(Constructor.java:488)
] S	at org.openqa.selenium.remote.ErrorHandler.createThrowable(ErrorHandler.java:214)
] Y	at org.openqa.selenium.remote.ErrorHandler.throwIfResponseFailed(ErrorHandler.java:166)
] j	at org.openqa.selenium.remote.http.JsonHttpResponseCodec.reconstructValue(JsonHttpResponseCodec.java:40)
] h	at org.openqa.selenium.remote.http.AbstractHttpResponseCodec.decode(AbstractHttpResponseCodec.java:80)
] h	at org.openqa.selenium.remote.http.AbstractHttpResponseCodec.decode(AbstractHttpResponseCodec.java:44)
] Y	at org.openqa.selenium.remote.HttpCommandExecutor.execute(HttpCommandExecutor.java:158)
] d	at org.openqa.selenium.remote.service.DriverCommandExecutor.execute(DriverCommandExecutor.java:83)
] Q	at org.openqa.selenium.remote.RemoteWebDriver.execute(RemoteWebDriver.java:548)
] U	at org.openqa.selenium.remote.RemoteWebDriver.findElement(RemoteWebDriver.java:322)
] [	at org.openqa.selenium.remote.RemoteWebDriver.findElementByName(RemoteWebDriver.java:400)
] ;	at org.openqa.selenium.By$ByName.findElement(By.java:284)
] U	at org.openqa.selenium.remote.RemoteWebDriver.findElement(RemoteWebDriver.java:314)
] t	at com.cps3230.assignment.webapp.PageObjects.PaymentWebappPageObject.enterDetails(PaymentWebappPageObject.java:23)
] n	at com.cps3230.assignment.webapp.stepdefs.WebAppDefs.iSubmitAFormWithAllDataButIsInvalid(WebAppDefs.java:68)
] w	at ‚úΩ.I submit a form with all data but "14/2o20" is invalid(src/test/resources/features/webapp_features.feature:45)
] 
] Éorg.openqa.selenium.NoSuchElementException: no such element: Unable to locate element: {"method":"name","selector":"customerName"}
] '  (Session info: chrome=70.0.3538.110)
] æ  (Driver info: chromedriver=2.41.578700 (2f1ed5f9343c13f73144538f15c00b370eda6706),platform=Linux 4.15.0-42-generic x86_64) (WARNING: The server did not provide any stacktrace information)
] ,Command duration or timeout: 0 milliseconds
] eFor documentation on this error, please visit: http://seleniumhq.org/exceptions/no_such_element.html
] UBuild info: version: '3.14.0', revision: 'aacccce0', time: '2018-08-02T20:19:58.91Z'
] äSystem info: host: 'pop-os', ip: '127.0.1.1', os.name: 'Linux', os.arch: 'amd64', os.version: '4.15.0-42-generic', java.version: '10.0.2'
] 5Driver info: org.openqa.selenium.chrome.ChromeDriver
] §Capabilities {acceptInsecureCerts: false, acceptSslCerts: false, applicationCacheEnabled: false, browserConnectionEnabled: false, browserName: chrome, chrome: {chromedriverVersion: 2.41.578700 (2f1ed5f9343c13..., userDataDir: /tmp/.org.chromium.Chromium...}, cssSelectorsEnabled: true, databaseEnabled: false, goog:chromeOptions: {debuggerAddress: localhost:35805}, handlesAlerts: true, hasTouchScreen: false, javascriptEnabled: true, locationContextEnabled: true, mobileEmulationEnabled: false, nativeEvents: true, networkConnectionEnabled: false, pageLoadStrategy: normal, platform: LINUX, platformName: LINUX, rotatable: false, setWindowRect: true, takesHeapSnapshot: true, takesScreenshot: true, unexpectedAlertBehaviour: , unhandledPromptBehavior: , version: 70.0.3538.110, webStorageEnabled: true}
] -Session ID: 38af3d172021c50928c171c1282f5258
] 3*** Element info: {Using=name, value=customerName}
] ]	at java.base/jdk.internal.reflect.NativeConstructorAccessorImpl.newInstance0(Native Method)
] t	at java.base/jdk.internal.reflect.NativeConstructorAccessorImpl.newInstance(NativeConstructorAccessorImpl.java:62)
] |	at java.base/jdk.internal.reflect.DelegatingConstructorAccessorImpl.newInstance(DelegatingConstructorAccessorImpl.java:45)
] N	at java.base/java.lang.reflect.Constructor.newInstance(Constructor.java:488)
] S	at org.openqa.selenium.remote.ErrorHandler.createThrowable(ErrorHandler.java:214)
] Y	at org.openqa.selenium.remote.ErrorHandler.throwIfResponseFailed(ErrorHandler.java:166)
] j	at org.openqa.selenium.remote.http.JsonHttpResponseCodec.reconstructValue(JsonHttpResponseCodec.java:40)
] h	at org.openqa.selenium.remote.http.AbstractHttpResponseCodec.decode(AbstractHttpResponseCodec.java:80)
] h	at org.openqa.selenium.remote.http.AbstractHttpResponseCodec.decode(AbstractHttpResponseCodec.java:44)
] Y	at org.openqa.selenium.remote.HttpCommandExecutor.execute(HttpCommandExecutor.java:158)
] d	at org.openqa.selenium.remote.service.DriverCommandExecutor.execute(DriverCommandExecutor.java:83)
] Q	at org.openqa.selenium.remote.RemoteWebDriver.execute(RemoteWebDriver.java:548)
] U	at org.openqa.selenium.remote.RemoteWebDriver.findElement(RemoteWebDriver.java:322)
] [	at org.openqa.selenium.remote.RemoteWebDriver.findElementByName(RemoteWebDriver.java:400)
] ;	at org.openqa.selenium.By$ByName.findElement(By.java:284)
] U	at org.openqa.selenium.remote.RemoteWebDriver.findElement(RemoteWebDriver.java:314)
] t	at com.cps3230.assignment.webapp.PageObjects.PaymentWebappPageObject.enterDetails(PaymentWebappPageObject.java:23)
] i	at com.cps3230.assignment.webapp.stepdefs.WebAppDefs.iSubmitAFormWithAllDataWithAnd(WebAppDefs.java:80)
] å	at ‚úΩ.I submit a form with all data with "371449635398431" and "AMERICAN_EXPRESS"(src/test/resources/features/webapp_features.feature:54)
] 
] Éorg.openqa.selenium.NoSuchElementException: no such element: Unable to locate element: {"method":"name","selector":"customerName"}
] '  (Session info: chrome=70.0.3538.110)
] æ  (Driver info: chromedriver=2.41.578700 (2f1ed5f9343c13f73144538f15c00b370eda6706),platform=Linux 4.15.0-42-generic x86_64) (WARNING: The server did not provide any stacktrace information)
] ,Command duration or timeout: 0 milliseconds
] eFor documentation on this error, please visit: http://seleniumhq.org/exceptions/no_such_element.html
] UBuild info: version: '3.14.0', revision: 'aacccce0', time: '2018-08-02T20:19:58.91Z'
] äSystem info: host: 'pop-os', ip: '127.0.1.1', os.name: 'Linux', os.arch: 'amd64', os.version: '4.15.0-42-generic', java.version: '10.0.2'
] 5Driver info: org.openqa.selenium.chrome.ChromeDriver
] §Capabilities {acceptInsecureCerts: false, acceptSslCerts: false, applicationCacheEnabled: false, browserConnectionEnabled: false, browserName: chrome, chrome: {chromedriverVersion: 2.41.578700 (2f1ed5f9343c13..., userDataDir: /tmp/.org.chromium.Chromium...}, cssSelectorsEnabled: true, databaseEnabled: false, goog:chromeOptions: {debuggerAddress: localhost:35805}, handlesAlerts: true, hasTouchScreen: false, javascriptEnabled: true, locationContextEnabled: true, mobileEmulationEnabled: false, nativeEvents: true, networkConnectionEnabled: false, pageLoadStrategy: normal, platform: LINUX, platformName: LINUX, rotatable: false, setWindowRect: true, takesHeapSnapshot: true, takesScreenshot: true, unexpectedAlertBehaviour: , unhandledPromptBehavior: , version: 70.0.3538.110, webStorageEnabled: true}
] -Session ID: 38af3d172021c50928c171c1282f5258
] 3*** Element info: {Using=name, value=customerName}
] T	at jdk.internal.reflect.GeneratedConstructorAccessor16.newInstance(Unknown Source)
] |	at java.base/jdk.internal.reflect.DelegatingConstructorAccessorImpl.newInstance(DelegatingConstructorAccessorImpl.java:45)
] N	at java.base/java.lang.reflect.Constructor.newInstance(Constructor.java:488)
] S	at org.openqa.selenium.remote.ErrorHandler.createThrowable(ErrorHandler.java:214)
] Y	at org.openqa.selenium.remote.ErrorHandler.throwIfResponseFailed(ErrorHandler.java:166)
] j	at org.openqa.selenium.remote.http.JsonHttpResponseCodec.reconstructValue(JsonHttpResponseCodec.java:40)
] h	at org.openqa.selenium.remote.http.AbstractHttpResponseCodec.decode(AbstractHttpResponseCodec.java:80)
] h	at org.openqa.selenium.remote.http.AbstractHttpResponseCodec.decode(AbstractHttpResponseCodec.java:44)
] Y	at org.openqa.selenium.remote.HttpCommandExecutor.execute(HttpCommandExecutor.java:158)
] d	at org.openqa.selenium.remote.service.DriverCommandExecutor.execute(DriverCommandExecutor.java:83)
] Q	at org.openqa.selenium.remote.RemoteWebDriver.execute(RemoteWebDriver.java:548)
] U	at org.openqa.selenium.remote.RemoteWebDriver.findElement(RemoteWebDriver.java:322)
] [	at org.openqa.selenium.remote.RemoteWebDriver.findElementByName(RemoteWebDriver.java:400)
] ;	at org.openqa.selenium.By$ByName.findElement(By.java:284)
] U	at org.openqa.selenium.remote.RemoteWebDriver.findElement(RemoteWebDriver.java:314)
] t	at com.cps3230.assignment.webapp.PageObjects.PaymentWebappPageObject.enterDetails(PaymentWebappPageObject.java:23)
] i	at com.cps3230.assignment.webapp.stepdefs.WebAppDefs.iSubmitAFormWithAllDataWithAnd(WebAppDefs.java:80)
] Ñ	at ‚úΩ.I submit a form with all data with "4557 3727 3979 3901" and "VISA"(src/test/resources/features/webapp_features.feature:54)
] 
] Éorg.openqa.selenium.NoSuchElementException: no such element: Unable to locate element: {"method":"name","selector":"customerName"}
] '  (Session info: chrome=70.0.3538.110)
] æ  (Driver info: chromedriver=2.41.578700 (2f1ed5f9343c13f73144538f15c00b370eda6706),platform=Linux 4.15.0-42-generic x86_64) (WARNING: The server did not provide any stacktrace information)
] ,Command duration or timeout: 0 milliseconds
] eFor documentation on this error, please visit: http://seleniumhq.org/exceptions/no_such_element.html
] UBuild info: version: '3.14.0', revision: 'aacccce0', time: '2018-08-02T20:19:58.91Z'
] äSystem info: host: 'pop-os', ip: '127.0.1.1', os.name: 'Linux', os.arch: 'amd64', os.version: '4.15.0-42-generic', java.version: '10.0.2'
] 5Driver info: org.openqa.selenium.chrome.ChromeDriver
] §Capabilities {acceptInsecureCerts: false, acceptSslCerts: false, applicationCacheEnabled: false, browserConnectionEnabled: false, browserName: chrome, chrome: {chromedriverVersion: 2.41.578700 (2f1ed5f9343c13..., userDataDir: /tmp/.org.chromium.Chromium...}, cssSelectorsEnabled: true, databaseEnabled: false, goog:chromeOptions: {debuggerAddress: localhost:35805}, handlesAlerts: true, hasTouchScreen: false, javascriptEnabled: true, locationContextEnabled: true, mobileEmulationEnabled: false, nativeEvents: true, networkConnectionEnabled: false, pageLoadStrategy: normal, platform: LINUX, platformName: LINUX, rotatable: false, setWindowRect: true, takesHeapSnapshot: true, takesScreenshot: true, unexpectedAlertBehaviour: , unhandledPromptBehavior: , version: 70.0.3538.110, webStorageEnabled: true}
] -Session ID: 38af3d172021c50928c171c1282f5258
] 3*** Element info: {Using=name, value=customerName}
] T	at jdk.internal.reflect.GeneratedConstructorAccessor16.newInstance(Unknown Source)
] |	at java.base/jdk.internal.reflect.DelegatingConstructorAccessorImpl.newInstance(DelegatingConstructorAccessorImpl.java:45)
] N	at java.base/java.lang.reflect.Constructor.newInstance(Constructor.java:488)
] S	at org.openqa.selenium.remote.ErrorHandler.createThrowable(ErrorHandler.java:214)
] Y	at org.openqa.selenium.remote.ErrorHandler.throwIfResponseFailed(ErrorHandler.java:166)
] j	at org.openqa.selenium.remote.http.JsonHttpResponseCodec.reconstructValue(JsonHttpResponseCodec.java:40)
] h	at org.openqa.selenium.remote.http.AbstractHttpResponseCodec.decode(AbstractHttpResponseCodec.java:80)
] h	at org.openqa.selenium.remote.http.AbstractHttpResponseCodec.decode(AbstractHttpResponseCodec.java:44)
] Y	at org.openqa.selenium.remote.HttpCommandExecutor.execute(HttpCommandExecutor.java:158)
] d	at org.openqa.selenium.remote.service.DriverCommandExecutor.execute(DriverCommandExecutor.java:83)
] Q	at org.openqa.selenium.remote.RemoteWebDriver.execute(RemoteWebDriver.java:548)
] U	at org.openqa.selenium.remote.RemoteWebDriver.findElement(RemoteWebDriver.java:322)
] [	at org.openqa.selenium.remote.RemoteWebDriver.findElementByName(RemoteWebDriver.java:400)
] ;	at org.openqa.selenium.By$ByName.findElement(By.java:284)
] U	at org.openqa.selenium.remote.RemoteWebDriver.findElement(RemoteWebDriver.java:314)
] t	at com.cps3230.assignment.webapp.PageObjects.PaymentWebappPageObject.enterDetails(PaymentWebappPageObject.java:23)
] i	at com.cps3230.assignment.webapp.stepdefs.WebAppDefs.iSubmitAFormWithAllDataWithAnd(WebAppDefs.java:80)
] ã	at ‚úΩ.I submit a form with all data with "5124 0021 8814 1135" and "MASTER_CARD"(src/test/resources/features/webapp_features.feature:54)
] 
] Éorg.openqa.selenium.NoSuchElementException: no such element: Unable to locate element: {"method":"name","selector":"customerName"}
] '  (Session info: chrome=70.0.3538.110)
] æ  (Driver info: chromedriver=2.41.578700 (2f1ed5f9343c13f73144538f15c00b370eda6706),platform=Linux 4.15.0-42-generic x86_64) (WARNING: The server did not provide any stacktrace information)
] ,Command duration or timeout: 0 milliseconds
] eFor documentation on this error, please visit: http://seleniumhq.org/exceptions/no_such_element.html
] UBuild info: version: '3.14.0', revision: 'aacccce0', time: '2018-08-02T20:19:58.91Z'
] äSystem info: host: 'pop-os', ip: '127.0.1.1', os.name: 'Linux', os.arch: 'amd64', os.version: '4.15.0-42-generic', java.version: '10.0.2'
] 5Driver info: org.openqa.selenium.chrome.ChromeDriver
] §Capabilities {acceptInsecureCerts: false, acceptSslCerts: false, applicationCacheEnabled: false, browserConnectionEnabled: false, browserName: chrome, chrome: {chromedriverVersion: 2.41.578700 (2f1ed5f9343c13..., userDataDir: /tmp/.org.chromium.Chromium...}, cssSelectorsEnabled: true, databaseEnabled: false, goog:chromeOptions: {debuggerAddress: localhost:35805}, handlesAlerts: true, hasTouchScreen: false, javascriptEnabled: true, locationContextEnabled: true, mobileEmulationEnabled: false, nativeEvents: true, networkConnectionEnabled: false, pageLoadStrategy: normal, platform: LINUX, platformName: LINUX, rotatable: false, setWindowRect: true, takesHeapSnapshot: true, takesScreenshot: true, unexpectedAlertBehaviour: , unhandledPromptBehavior: , version: 70.0.3538.110, webStorageEnabled: true}
] -Session ID: 38af3d172021c50928c171c1282f5258
] 3*** Element info: {Using=name, value=customerName}
] T	at jdk.internal.reflect.GeneratedConstructorAccessor16.newInstance(Unknown Source)
] |	at java.base/jdk.internal.reflect.DelegatingConstructorAccessorImpl.newInstance(DelegatingConstructorAccessorImpl.java:45)
] N	at java.base/java.lang.reflect.Constructor.newInstance(Constructor.java:488)
] S	at org.openqa.selenium.remote.ErrorHandler.createThrowable(ErrorHandler.java:214)
] Y	at org.openqa.selenium.remote.ErrorHandler.throwIfResponseFailed(ErrorHandler.java:166)
] j	at org.openqa.selenium.remote.http.JsonHttpResponseCodec.reconstructValue(JsonHttpResponseCodec.java:40)
] h	at org.openqa.selenium.remote.http.AbstractHttpResponseCodec.decode(AbstractHttpResponseCodec.java:80)
] h	at org.openqa.selenium.remote.http.AbstractHttpResponseCodec.decode(AbstractHttpResponseCodec.java:44)
] Y	at org.openqa.selenium.remote.HttpCommandExecutor.execute(HttpCommandExecutor.java:158)
] d	at org.openqa.selenium.remote.service.DriverCommandExecutor.execute(DriverCommandExecutor.java:83)
] Q	at org.openqa.selenium.remote.RemoteWebDriver.execute(RemoteWebDriver.java:548)
] U	at org.openqa.selenium.remote.RemoteWebDriver.findElement(RemoteWebDriver.java:322)
] [	at org.openqa.selenium.remote.RemoteWebDriver.findElementByName(RemoteWebDriver.java:400)
] ;	at org.openqa.selenium.By$ByName.findElement(By.java:284)
] U	at org.openqa.selenium.remote.RemoteWebDriver.findElement(RemoteWebDriver.java:314)
] t	at com.cps3230.assignment.webapp.PageObjects.PaymentWebappPageObject.enterDetails(PaymentWebappPageObject.java:23)
] `	at com.cps3230.assignment.webapp.stepdefs.WebAppDefs.iSubmitCorrectDetails(WebAppDefs.java:24)
] Y	at ‚úΩ.I submit correct details(src/test/resources/features/webapp_features.feature:64)
] 
] 
